2025-05-15 18:40:59,855 p=161663 u=jjquin n=ansiblelint.__main__ WARNING| Found VIRTUAL_ENV=/ but we cannot use it for caching as it is not writable.
2025-05-15 19:05:30,386 p=162461 u=jjquin n=ansiblelint.__main__ WARNING| Found VIRTUAL_ENV=/ but we cannot use it for caching as it is not writable.
2025-05-15 19:05:30,601 p=162470 u=jjquin n=ansiblelint.__main__ WARNING| Found VIRTUAL_ENV=/ but we cannot use it for caching as it is not writable.
2025-05-15 19:05:40,358 p=162494 u=jjquin n=ansiblelint.__main__ WARNING| Found VIRTUAL_ENV=/ but we cannot use it for caching as it is not writable.
2025-05-15 19:05:40,384 p=162496 u=jjquin n=ansiblelint.__main__ WARNING| Found VIRTUAL_ENV=/ but we cannot use it for caching as it is not writable.
2025-05-15 19:05:40,578 p=162506 u=jjquin n=ansiblelint.__main__ WARNING| Found VIRTUAL_ENV=/ but we cannot use it for caching as it is not writable.
2025-05-15 19:05:41,477 p=162537 u=jjquin n=ansible INFO| {
    "ansible.builtin.runas": "Run As user",
    "ansible.builtin.su": "Substitute User",
    "ansible.builtin.sudo": "Substitute User DO",
    "ansible.netcommon.enable": "Switch to elevated permissions on a network device",
    "community.general.doas": "Do As user",
    "community.general.dzdo": "Centrify's Direct Authorize",
    "community.general.ksu": "Kerberos substitute user",
    "community.general.machinectl": "Systemd's machinectl privilege escalation",
    "community.general.pbrun": "PowerBroker run",
    "community.general.pfexec": "profile based execution",
    "community.general.pmrun": "Privilege Manager run",
    "community.general.run0": "Systemd's run0",
    "community.general.sesu": "CA Privileged Access Manager",
    "community.general.sudosu": "Run tasks using sudo su -",
    "containers.podman.podman_unshare": "Run tasks using podman unshare"
}
2025-05-15 19:05:41,516 p=162494 u=jjquin n=ansiblelint.__main__ WARNING| The following filters were mocked during the run: to_bytes
2025-05-15 19:06:04,604 p=162556 u=jjquin n=ansiblelint.__main__ WARNING| Found VIRTUAL_ENV=/ but we cannot use it for caching as it is not writable.
2025-05-15 19:06:04,626 p=162558 u=jjquin n=ansiblelint.__main__ WARNING| Found VIRTUAL_ENV=/ but we cannot use it for caching as it is not writable.
2025-05-15 19:06:04,831 p=162571 u=jjquin n=ansiblelint.__main__ WARNING| Found VIRTUAL_ENV=/ but we cannot use it for caching as it is not writable.
2025-05-15 19:06:05,524 p=162599 u=jjquin n=ansible INFO| {
    "ansible.builtin.runas": "Run As user",
    "ansible.builtin.su": "Substitute User",
    "ansible.builtin.sudo": "Substitute User DO",
    "ansible.netcommon.enable": "Switch to elevated permissions on a network device",
    "community.general.doas": "Do As user",
    "community.general.dzdo": "Centrify's Direct Authorize",
    "community.general.ksu": "Kerberos substitute user",
    "community.general.machinectl": "Systemd's machinectl privilege escalation",
    "community.general.pbrun": "PowerBroker run",
    "community.general.pfexec": "profile based execution",
    "community.general.pmrun": "Privilege Manager run",
    "community.general.run0": "Systemd's run0",
    "community.general.sesu": "CA Privileged Access Manager",
    "community.general.sudosu": "Run tasks using sudo su -",
    "containers.podman.podman_unshare": "Run tasks using podman unshare"
}
2025-05-15 19:08:24,808 p=162679 u=jjquin n=ansiblelint.__main__ WARNING| Found VIRTUAL_ENV=/ but we cannot use it for caching as it is not writable.
2025-05-15 19:08:25,017 p=162688 u=jjquin n=ansiblelint.__main__ WARNING| Found VIRTUAL_ENV=/ but we cannot use it for caching as it is not writable.
2025-05-15 19:11:18,968 p=162779 u=jjquin n=ansiblelint.__main__ WARNING| Found VIRTUAL_ENV=/ but we cannot use it for caching as it is not writable.
2025-05-15 19:11:19,182 p=162788 u=jjquin n=ansiblelint.__main__ WARNING| Found VIRTUAL_ENV=/ but we cannot use it for caching as it is not writable.
2025-05-15 19:19:45,222 p=163059 u=jjquin n=ansiblelint.__main__ WARNING| Found VIRTUAL_ENV=/ but we cannot use it for caching as it is not writable.
2025-05-15 19:19:45,518 p=163070 u=jjquin n=ansiblelint.__main__ WARNING| Found VIRTUAL_ENV=/ but we cannot use it for caching as it is not writable.
2025-05-15 19:20:07,007 p=163090 u=jjquin n=ansiblelint.__main__ WARNING| Found VIRTUAL_ENV=/ but we cannot use it for caching as it is not writable.
2025-05-15 19:20:08,716 p=163121 u=jjquin n=ansiblelint.__main__ WARNING| Found VIRTUAL_ENV=/ but we cannot use it for caching as it is not writable.
2025-05-15 19:20:11,433 p=163150 u=jjquin n=ansiblelint.__main__ WARNING| Found VIRTUAL_ENV=/ but we cannot use it for caching as it is not writable.
2025-05-15 19:20:14,347 p=163183 u=jjquin n=ansiblelint.__main__ WARNING| Found VIRTUAL_ENV=/ but we cannot use it for caching as it is not writable.
2025-05-15 19:20:16,081 p=163212 u=jjquin n=ansiblelint.__main__ WARNING| Found VIRTUAL_ENV=/ but we cannot use it for caching as it is not writable.
2025-05-15 19:21:11,189 p=163264 u=jjquin n=ansiblelint.__main__ WARNING| Found VIRTUAL_ENV=/ but we cannot use it for caching as it is not writable.
2025-05-15 19:24:46,940 p=163460 u=jjquin n=ansiblelint.__main__ WARNING| Found VIRTUAL_ENV=/ but we cannot use it for caching as it is not writable.
2025-05-15 19:24:47,202 p=163469 u=jjquin n=ansiblelint.__main__ WARNING| Found VIRTUAL_ENV=/ but we cannot use it for caching as it is not writable.
2025-05-15 19:25:31,791 p=163496 u=jjquin n=ansiblelint.__main__ WARNING| Found VIRTUAL_ENV=/ but we cannot use it for caching as it is not writable.
2025-05-15 19:25:31,813 p=163498 u=jjquin n=ansiblelint.__main__ WARNING| Found VIRTUAL_ENV=/ but we cannot use it for caching as it is not writable.
2025-05-15 19:25:32,027 p=163508 u=jjquin n=ansiblelint.__main__ WARNING| Found VIRTUAL_ENV=/ but we cannot use it for caching as it is not writable.
2025-05-15 19:25:32,878 p=163537 u=jjquin n=ansible INFO| {
    "ansible.builtin.runas": "Run As user",
    "ansible.builtin.su": "Substitute User",
    "ansible.builtin.sudo": "Substitute User DO",
    "ansible.netcommon.enable": "Switch to elevated permissions on a network device",
    "community.general.doas": "Do As user",
    "community.general.dzdo": "Centrify's Direct Authorize",
    "community.general.ksu": "Kerberos substitute user",
    "community.general.machinectl": "Systemd's machinectl privilege escalation",
    "community.general.pbrun": "PowerBroker run",
    "community.general.pfexec": "profile based execution",
    "community.general.pmrun": "Privilege Manager run",
    "community.general.run0": "Systemd's run0",
    "community.general.sesu": "CA Privileged Access Manager",
    "community.general.sudosu": "Run tasks using sudo su -",
    "containers.podman.podman_unshare": "Run tasks using podman unshare"
}
2025-05-15 19:25:33,021 p=163496 u=jjquin n=ansiblelint.__main__ WARNING| The following filters were mocked during the run: to_bytes
2025-05-15 19:25:43,978 p=163550 u=jjquin n=ansiblelint.__main__ WARNING| Found VIRTUAL_ENV=/ but we cannot use it for caching as it is not writable.
2025-05-15 19:25:44,004 p=163552 u=jjquin n=ansiblelint.__main__ WARNING| Found VIRTUAL_ENV=/ but we cannot use it for caching as it is not writable.
2025-05-15 19:25:44,976 p=163581 u=jjquin n=ansible INFO| {
    "ansible.builtin.runas": "Run As user",
    "ansible.builtin.su": "Substitute User",
    "ansible.builtin.sudo": "Substitute User DO",
    "ansible.netcommon.enable": "Switch to elevated permissions on a network device",
    "community.general.doas": "Do As user",
    "community.general.dzdo": "Centrify's Direct Authorize",
    "community.general.ksu": "Kerberos substitute user",
    "community.general.machinectl": "Systemd's machinectl privilege escalation",
    "community.general.pbrun": "PowerBroker run",
    "community.general.pfexec": "profile based execution",
    "community.general.pmrun": "Privilege Manager run",
    "community.general.run0": "Systemd's run0",
    "community.general.sesu": "CA Privileged Access Manager",
    "community.general.sudosu": "Run tasks using sudo su -",
    "containers.podman.podman_unshare": "Run tasks using podman unshare"
}
2025-05-15 19:25:59,284 p=163599 u=jjquin n=ansiblelint.__main__ WARNING| Found VIRTUAL_ENV=/ but we cannot use it for caching as it is not writable.
2025-05-15 19:25:59,320 p=163601 u=jjquin n=ansiblelint.__main__ WARNING| Found VIRTUAL_ENV=/ but we cannot use it for caching as it is not writable.
2025-05-15 19:25:59,508 p=163611 u=jjquin n=ansiblelint.__main__ WARNING| Found VIRTUAL_ENV=/ but we cannot use it for caching as it is not writable.
2025-05-15 19:26:00,362 p=163643 u=jjquin n=ansible INFO| {
    "ansible.builtin.runas": "Run As user",
    "ansible.builtin.su": "Substitute User",
    "ansible.builtin.sudo": "Substitute User DO",
    "ansible.netcommon.enable": "Switch to elevated permissions on a network device",
    "community.general.doas": "Do As user",
    "community.general.dzdo": "Centrify's Direct Authorize",
    "community.general.ksu": "Kerberos substitute user",
    "community.general.machinectl": "Systemd's machinectl privilege escalation",
    "community.general.pbrun": "PowerBroker run",
    "community.general.pfexec": "profile based execution",
    "community.general.pmrun": "Privilege Manager run",
    "community.general.run0": "Systemd's run0",
    "community.general.sesu": "CA Privileged Access Manager",
    "community.general.sudosu": "Run tasks using sudo su -",
    "containers.podman.podman_unshare": "Run tasks using podman unshare"
}
2025-05-15 19:26:00,398 p=163599 u=jjquin n=ansiblelint.__main__ WARNING| The following filters were mocked during the run: to_bytes
2025-05-15 19:26:05,618 p=163653 u=jjquin n=ansiblelint.__main__ WARNING| Found VIRTUAL_ENV=/ but we cannot use it for caching as it is not writable.
2025-05-15 19:26:05,648 p=163655 u=jjquin n=ansiblelint.__main__ WARNING| Found VIRTUAL_ENV=/ but we cannot use it for caching as it is not writable.
2025-05-15 19:26:05,912 p=163666 u=jjquin n=ansiblelint.__main__ WARNING| Found VIRTUAL_ENV=/ but we cannot use it for caching as it is not writable.
2025-05-15 19:26:06,525 p=163694 u=jjquin n=ansible INFO| {
    "ansible.builtin.runas": "Run As user",
    "ansible.builtin.su": "Substitute User",
    "ansible.builtin.sudo": "Substitute User DO",
    "ansible.netcommon.enable": "Switch to elevated permissions on a network device",
    "community.general.doas": "Do As user",
    "community.general.dzdo": "Centrify's Direct Authorize",
    "community.general.ksu": "Kerberos substitute user",
    "community.general.machinectl": "Systemd's machinectl privilege escalation",
    "community.general.pbrun": "PowerBroker run",
    "community.general.pfexec": "profile based execution",
    "community.general.pmrun": "Privilege Manager run",
    "community.general.run0": "Systemd's run0",
    "community.general.sesu": "CA Privileged Access Manager",
    "community.general.sudosu": "Run tasks using sudo su -",
    "containers.podman.podman_unshare": "Run tasks using podman unshare"
}
2025-05-15 19:30:36,484 p=163777 u=jjquin n=ansiblelint.__main__ WARNING| Found VIRTUAL_ENV=/ but we cannot use it for caching as it is not writable.
2025-05-15 19:30:36,511 p=163779 u=jjquin n=ansiblelint.__main__ WARNING| Found VIRTUAL_ENV=/ but we cannot use it for caching as it is not writable.
2025-05-15 19:30:36,718 p=163789 u=jjquin n=ansiblelint.__main__ WARNING| Found VIRTUAL_ENV=/ but we cannot use it for caching as it is not writable.
2025-05-15 19:30:37,582 p=163822 u=jjquin n=ansible INFO| {
    "ansible.builtin.runas": "Run As user",
    "ansible.builtin.su": "Substitute User",
    "ansible.builtin.sudo": "Substitute User DO",
    "ansible.netcommon.enable": "Switch to elevated permissions on a network device",
    "community.general.doas": "Do As user",
    "community.general.dzdo": "Centrify's Direct Authorize",
    "community.general.ksu": "Kerberos substitute user",
    "community.general.machinectl": "Systemd's machinectl privilege escalation",
    "community.general.pbrun": "PowerBroker run",
    "community.general.pfexec": "profile based execution",
    "community.general.pmrun": "Privilege Manager run",
    "community.general.run0": "Systemd's run0",
    "community.general.sesu": "CA Privileged Access Manager",
    "community.general.sudosu": "Run tasks using sudo su -",
    "containers.podman.podman_unshare": "Run tasks using podman unshare"
}
2025-05-15 19:30:37,731 p=163777 u=jjquin n=ansiblelint.__main__ WARNING| The following filters were mocked during the run: to_bytes
2025-05-15 19:30:39,666 p=163835 u=jjquin n=ansiblelint.__main__ WARNING| Found VIRTUAL_ENV=/ but we cannot use it for caching as it is not writable.
2025-05-15 19:30:39,693 p=163837 u=jjquin n=ansiblelint.__main__ WARNING| Found VIRTUAL_ENV=/ but we cannot use it for caching as it is not writable.
2025-05-15 19:30:40,668 p=163866 u=jjquin n=ansible INFO| {
    "ansible.builtin.runas": "Run As user",
    "ansible.builtin.su": "Substitute User",
    "ansible.builtin.sudo": "Substitute User DO",
    "ansible.netcommon.enable": "Switch to elevated permissions on a network device",
    "community.general.doas": "Do As user",
    "community.general.dzdo": "Centrify's Direct Authorize",
    "community.general.ksu": "Kerberos substitute user",
    "community.general.machinectl": "Systemd's machinectl privilege escalation",
    "community.general.pbrun": "PowerBroker run",
    "community.general.pfexec": "profile based execution",
    "community.general.pmrun": "Privilege Manager run",
    "community.general.run0": "Systemd's run0",
    "community.general.sesu": "CA Privileged Access Manager",
    "community.general.sudosu": "Run tasks using sudo su -",
    "containers.podman.podman_unshare": "Run tasks using podman unshare"
}
2025-05-15 19:31:26,563 p=163888 u=jjquin n=ansiblelint.__main__ WARNING| Found VIRTUAL_ENV=/ but we cannot use it for caching as it is not writable.
2025-05-15 19:31:26,590 p=163890 u=jjquin n=ansiblelint.__main__ WARNING| Found VIRTUAL_ENV=/ but we cannot use it for caching as it is not writable.
2025-05-15 19:31:26,846 p=163901 u=jjquin n=ansiblelint.__main__ WARNING| Found VIRTUAL_ENV=/ but we cannot use it for caching as it is not writable.
2025-05-15 19:31:27,641 p=163931 u=jjquin n=ansible INFO| {
    "ansible.builtin.runas": "Run As user",
    "ansible.builtin.su": "Substitute User",
    "ansible.builtin.sudo": "Substitute User DO",
    "ansible.netcommon.enable": "Switch to elevated permissions on a network device",
    "community.general.doas": "Do As user",
    "community.general.dzdo": "Centrify's Direct Authorize",
    "community.general.ksu": "Kerberos substitute user",
    "community.general.machinectl": "Systemd's machinectl privilege escalation",
    "community.general.pbrun": "PowerBroker run",
    "community.general.pfexec": "profile based execution",
    "community.general.pmrun": "Privilege Manager run",
    "community.general.run0": "Systemd's run0",
    "community.general.sesu": "CA Privileged Access Manager",
    "community.general.sudosu": "Run tasks using sudo su -",
    "containers.podman.podman_unshare": "Run tasks using podman unshare"
}
2025-05-15 19:31:27,677 p=163888 u=jjquin n=ansiblelint.__main__ WARNING| The following filters were mocked during the run: to_bytes
2025-05-15 19:34:41,464 p=164043 u=jjquin n=ansiblelint.__main__ WARNING| Found VIRTUAL_ENV=/ but we cannot use it for caching as it is not writable.
2025-05-15 19:34:41,679 p=164052 u=jjquin n=ansiblelint.__main__ WARNING| Found VIRTUAL_ENV=/ but we cannot use it for caching as it is not writable.
2025-05-15 19:34:45,088 p=164076 u=jjquin n=ansiblelint.__main__ WARNING| Found VIRTUAL_ENV=/ but we cannot use it for caching as it is not writable.
2025-05-15 19:34:45,116 p=164078 u=jjquin n=ansiblelint.__main__ WARNING| Found VIRTUAL_ENV=/ but we cannot use it for caching as it is not writable.
2025-05-15 19:34:45,328 p=164088 u=jjquin n=ansiblelint.__main__ WARNING| Found VIRTUAL_ENV=/ but we cannot use it for caching as it is not writable.
2025-05-15 19:34:46,003 p=164118 u=jjquin n=ansible INFO| {
    "ansible.builtin.runas": "Run As user",
    "ansible.builtin.su": "Substitute User",
    "ansible.builtin.sudo": "Substitute User DO",
    "ansible.netcommon.enable": "Switch to elevated permissions on a network device",
    "community.general.doas": "Do As user",
    "community.general.dzdo": "Centrify's Direct Authorize",
    "community.general.ksu": "Kerberos substitute user",
    "community.general.machinectl": "Systemd's machinectl privilege escalation",
    "community.general.pbrun": "PowerBroker run",
    "community.general.pfexec": "profile based execution",
    "community.general.pmrun": "Privilege Manager run",
    "community.general.run0": "Systemd's run0",
    "community.general.sesu": "CA Privileged Access Manager",
    "community.general.sudosu": "Run tasks using sudo su -",
    "containers.podman.podman_unshare": "Run tasks using podman unshare"
}
2025-05-15 19:35:04,571 p=164140 u=jjquin n=ansiblelint.__main__ WARNING| Found VIRTUAL_ENV=/ but we cannot use it for caching as it is not writable.
2025-05-15 19:35:04,602 p=164144 u=jjquin n=ansiblelint.__main__ WARNING| Found VIRTUAL_ENV=/ but we cannot use it for caching as it is not writable.
2025-05-15 19:36:30,685 p=164185 u=jjquin n=ansiblelint.__main__ WARNING| Found VIRTUAL_ENV=/ but we cannot use it for caching as it is not writable.
2025-05-15 19:36:30,970 p=164194 u=jjquin n=ansiblelint.__main__ WARNING| Found VIRTUAL_ENV=/ but we cannot use it for caching as it is not writable.
2025-05-15 19:36:45,200 p=164214 u=jjquin n=ansiblelint.__main__ WARNING| Found VIRTUAL_ENV=/ but we cannot use it for caching as it is not writable.
2025-05-15 19:36:47,231 p=164248 u=jjquin n=ansiblelint.__main__ WARNING| Found VIRTUAL_ENV=/ but we cannot use it for caching as it is not writable.
2025-05-15 19:36:48,452 p=164276 u=jjquin n=ansiblelint.__main__ WARNING| Found VIRTUAL_ENV=/ but we cannot use it for caching as it is not writable.
2025-05-15 19:36:55,624 p=164313 u=jjquin n=ansiblelint.__main__ WARNING| Found VIRTUAL_ENV=/ but we cannot use it for caching as it is not writable.
2025-05-15 19:36:55,654 p=164315 u=jjquin n=ansiblelint.__main__ WARNING| Found VIRTUAL_ENV=/ but we cannot use it for caching as it is not writable.
2025-05-15 19:36:55,852 p=164325 u=jjquin n=ansiblelint.__main__ WARNING| Found VIRTUAL_ENV=/ but we cannot use it for caching as it is not writable.
2025-05-15 19:36:56,690 p=164356 u=jjquin n=ansible INFO| {
    "ansible.builtin.runas": "Run As user",
    "ansible.builtin.su": "Substitute User",
    "ansible.builtin.sudo": "Substitute User DO",
    "ansible.netcommon.enable": "Switch to elevated permissions on a network device",
    "community.general.doas": "Do As user",
    "community.general.dzdo": "Centrify's Direct Authorize",
    "community.general.ksu": "Kerberos substitute user",
    "community.general.machinectl": "Systemd's machinectl privilege escalation",
    "community.general.pbrun": "PowerBroker run",
    "community.general.pfexec": "profile based execution",
    "community.general.pmrun": "Privilege Manager run",
    "community.general.run0": "Systemd's run0",
    "community.general.sesu": "CA Privileged Access Manager",
    "community.general.sudosu": "Run tasks using sudo su -",
    "containers.podman.podman_unshare": "Run tasks using podman unshare"
}
2025-05-15 19:36:56,727 p=164313 u=jjquin n=ansiblelint.__main__ WARNING| The following filters were mocked during the run: to_bytes
2025-05-15 19:37:03,397 p=164365 u=jjquin n=ansiblelint.__main__ WARNING| Found VIRTUAL_ENV=/ but we cannot use it for caching as it is not writable.
2025-05-15 19:37:04,457 p=164391 u=jjquin n=ansible INFO| {
    "ansible.builtin.runas": "Run As user",
    "ansible.builtin.su": "Substitute User",
    "ansible.builtin.sudo": "Substitute User DO",
    "ansible.netcommon.enable": "Switch to elevated permissions on a network device",
    "community.general.doas": "Do As user",
    "community.general.dzdo": "Centrify's Direct Authorize",
    "community.general.ksu": "Kerberos substitute user",
    "community.general.machinectl": "Systemd's machinectl privilege escalation",
    "community.general.pbrun": "PowerBroker run",
    "community.general.pfexec": "profile based execution",
    "community.general.pmrun": "Privilege Manager run",
    "community.general.run0": "Systemd's run0",
    "community.general.sesu": "CA Privileged Access Manager",
    "community.general.sudosu": "Run tasks using sudo su -",
    "containers.podman.podman_unshare": "Run tasks using podman unshare"
}
2025-05-15 19:37:04,493 p=164365 u=jjquin n=ansiblelint.__main__ WARNING| The following filters were mocked during the run: to_bytes
2025-05-15 19:37:04,854 p=164398 u=jjquin n=ansiblelint.__main__ WARNING| Found VIRTUAL_ENV=/ but we cannot use it for caching as it is not writable.
2025-05-15 19:37:05,926 p=164424 u=jjquin n=ansible INFO| {
    "ansible.builtin.runas": "Run As user",
    "ansible.builtin.su": "Substitute User",
    "ansible.builtin.sudo": "Substitute User DO",
    "ansible.netcommon.enable": "Switch to elevated permissions on a network device",
    "community.general.doas": "Do As user",
    "community.general.dzdo": "Centrify's Direct Authorize",
    "community.general.ksu": "Kerberos substitute user",
    "community.general.machinectl": "Systemd's machinectl privilege escalation",
    "community.general.pbrun": "PowerBroker run",
    "community.general.pfexec": "profile based execution",
    "community.general.pmrun": "Privilege Manager run",
    "community.general.run0": "Systemd's run0",
    "community.general.sesu": "CA Privileged Access Manager",
    "community.general.sudosu": "Run tasks using sudo su -",
    "containers.podman.podman_unshare": "Run tasks using podman unshare"
}
2025-05-15 19:37:05,964 p=164398 u=jjquin n=ansiblelint.__main__ WARNING| The following filters were mocked during the run: to_bytes
2025-05-15 19:37:33,407 p=164437 u=jjquin n=ansiblelint.__main__ WARNING| Found VIRTUAL_ENV=/ but we cannot use it for caching as it is not writable.
2025-05-15 19:37:33,432 p=164439 u=jjquin n=ansiblelint.__main__ WARNING| Found VIRTUAL_ENV=/ but we cannot use it for caching as it is not writable.
2025-05-15 19:37:33,649 p=164449 u=jjquin n=ansiblelint.__main__ WARNING| Found VIRTUAL_ENV=/ but we cannot use it for caching as it is not writable.
2025-05-15 19:37:34,324 p=164478 u=jjquin n=ansible INFO| {
    "ansible.builtin.runas": "Run As user",
    "ansible.builtin.su": "Substitute User",
    "ansible.builtin.sudo": "Substitute User DO",
    "ansible.netcommon.enable": "Switch to elevated permissions on a network device",
    "community.general.doas": "Do As user",
    "community.general.dzdo": "Centrify's Direct Authorize",
    "community.general.ksu": "Kerberos substitute user",
    "community.general.machinectl": "Systemd's machinectl privilege escalation",
    "community.general.pbrun": "PowerBroker run",
    "community.general.pfexec": "profile based execution",
    "community.general.pmrun": "Privilege Manager run",
    "community.general.run0": "Systemd's run0",
    "community.general.sesu": "CA Privileged Access Manager",
    "community.general.sudosu": "Run tasks using sudo su -",
    "containers.podman.podman_unshare": "Run tasks using podman unshare"
}
2025-05-15 19:37:35,346 p=164484 u=jjquin n=ansiblelint.__main__ WARNING| Found VIRTUAL_ENV=/ but we cannot use it for caching as it is not writable.
2025-05-15 19:37:35,606 p=164493 u=jjquin n=ansiblelint.__main__ WARNING| Found VIRTUAL_ENV=/ but we cannot use it for caching as it is not writable.
2025-05-15 19:38:51,518 p=164535 u=jjquin n=ansiblelint.__main__ WARNING| Found VIRTUAL_ENV=/ but we cannot use it for caching as it is not writable.
2025-05-15 19:38:51,761 p=164546 u=jjquin n=ansiblelint.__main__ WARNING| Found VIRTUAL_ENV=/ but we cannot use it for caching as it is not writable.
2025-05-15 19:40:22,162 p=164585 u=jjquin n=ansiblelint.__main__ WARNING| Found VIRTUAL_ENV=/ but we cannot use it for caching as it is not writable.
2025-05-15 19:40:23,239 p=164613 u=jjquin n=ansible INFO| {
    "ansible.builtin.runas": "Run As user",
    "ansible.builtin.su": "Substitute User",
    "ansible.builtin.sudo": "Substitute User DO",
    "ansible.netcommon.enable": "Switch to elevated permissions on a network device",
    "community.general.doas": "Do As user",
    "community.general.dzdo": "Centrify's Direct Authorize",
    "community.general.ksu": "Kerberos substitute user",
    "community.general.machinectl": "Systemd's machinectl privilege escalation",
    "community.general.pbrun": "PowerBroker run",
    "community.general.pfexec": "profile based execution",
    "community.general.pmrun": "Privilege Manager run",
    "community.general.run0": "Systemd's run0",
    "community.general.sesu": "CA Privileged Access Manager",
    "community.general.sudosu": "Run tasks using sudo su -",
    "containers.podman.podman_unshare": "Run tasks using podman unshare"
}
2025-05-15 19:40:23,274 p=164585 u=jjquin n=ansiblelint.__main__ WARNING| The following filters were mocked during the run: to_bytes
2025-05-15 19:40:24,619 p=164620 u=jjquin n=ansiblelint.__main__ WARNING| Found VIRTUAL_ENV=/ but we cannot use it for caching as it is not writable.
2025-05-15 19:40:25,678 p=164646 u=jjquin n=ansible INFO| {
    "ansible.builtin.runas": "Run As user",
    "ansible.builtin.su": "Substitute User",
    "ansible.builtin.sudo": "Substitute User DO",
    "ansible.netcommon.enable": "Switch to elevated permissions on a network device",
    "community.general.doas": "Do As user",
    "community.general.dzdo": "Centrify's Direct Authorize",
    "community.general.ksu": "Kerberos substitute user",
    "community.general.machinectl": "Systemd's machinectl privilege escalation",
    "community.general.pbrun": "PowerBroker run",
    "community.general.pfexec": "profile based execution",
    "community.general.pmrun": "Privilege Manager run",
    "community.general.run0": "Systemd's run0",
    "community.general.sesu": "CA Privileged Access Manager",
    "community.general.sudosu": "Run tasks using sudo su -",
    "containers.podman.podman_unshare": "Run tasks using podman unshare"
}
2025-05-15 19:40:25,715 p=164620 u=jjquin n=ansiblelint.__main__ WARNING| The following filters were mocked during the run: to_bytes
2025-05-15 19:40:46,886 p=164659 u=jjquin n=ansiblelint.__main__ WARNING| Found VIRTUAL_ENV=/ but we cannot use it for caching as it is not writable.
2025-05-15 19:40:46,916 p=164661 u=jjquin n=ansiblelint.__main__ WARNING| Found VIRTUAL_ENV=/ but we cannot use it for caching as it is not writable.
2025-05-15 19:40:47,158 p=164674 u=jjquin n=ansiblelint.__main__ WARNING| Found VIRTUAL_ENV=/ but we cannot use it for caching as it is not writable.
2025-05-15 19:40:47,918 p=164703 u=jjquin n=ansible INFO| {
    "ansible.builtin.runas": "Run As user",
    "ansible.builtin.su": "Substitute User",
    "ansible.builtin.sudo": "Substitute User DO",
    "ansible.netcommon.enable": "Switch to elevated permissions on a network device",
    "community.general.doas": "Do As user",
    "community.general.dzdo": "Centrify's Direct Authorize",
    "community.general.ksu": "Kerberos substitute user",
    "community.general.machinectl": "Systemd's machinectl privilege escalation",
    "community.general.pbrun": "PowerBroker run",
    "community.general.pfexec": "profile based execution",
    "community.general.pmrun": "Privilege Manager run",
    "community.general.run0": "Systemd's run0",
    "community.general.sesu": "CA Privileged Access Manager",
    "community.general.sudosu": "Run tasks using sudo su -",
    "containers.podman.podman_unshare": "Run tasks using podman unshare"
}
2025-05-15 19:40:48,123 p=164659 u=jjquin n=ansiblelint.__main__ WARNING| The following filters were mocked during the run: to_bytes
2025-05-15 19:40:50,453 p=164717 u=jjquin n=ansiblelint.__main__ WARNING| Found VIRTUAL_ENV=/ but we cannot use it for caching as it is not writable.
2025-05-15 19:40:51,249 p=164721 u=jjquin n=ansiblelint.__main__ WARNING| Found VIRTUAL_ENV=/ but we cannot use it for caching as it is not writable.
2025-05-15 19:40:52,320 p=164747 u=jjquin n=ansible INFO| {
    "ansible.builtin.runas": "Run As user",
    "ansible.builtin.su": "Substitute User",
    "ansible.builtin.sudo": "Substitute User DO",
    "ansible.netcommon.enable": "Switch to elevated permissions on a network device",
    "community.general.doas": "Do As user",
    "community.general.dzdo": "Centrify's Direct Authorize",
    "community.general.ksu": "Kerberos substitute user",
    "community.general.machinectl": "Systemd's machinectl privilege escalation",
    "community.general.pbrun": "PowerBroker run",
    "community.general.pfexec": "profile based execution",
    "community.general.pmrun": "Privilege Manager run",
    "community.general.run0": "Systemd's run0",
    "community.general.sesu": "CA Privileged Access Manager",
    "community.general.sudosu": "Run tasks using sudo su -",
    "containers.podman.podman_unshare": "Run tasks using podman unshare"
}
2025-05-15 19:40:52,470 p=164721 u=jjquin n=ansiblelint.__main__ WARNING| The following filters were mocked during the run: to_bytes
2025-05-15 19:40:59,621 p=164757 u=jjquin n=ansiblelint.__main__ WARNING| Found VIRTUAL_ENV=/ but we cannot use it for caching as it is not writable.
2025-05-15 19:41:00,632 p=164786 u=jjquin n=ansible INFO| {
    "ansible.builtin.runas": "Run As user",
    "ansible.builtin.su": "Substitute User",
    "ansible.builtin.sudo": "Substitute User DO",
    "ansible.netcommon.enable": "Switch to elevated permissions on a network device",
    "community.general.doas": "Do As user",
    "community.general.dzdo": "Centrify's Direct Authorize",
    "community.general.ksu": "Kerberos substitute user",
    "community.general.machinectl": "Systemd's machinectl privilege escalation",
    "community.general.pbrun": "PowerBroker run",
    "community.general.pfexec": "profile based execution",
    "community.general.pmrun": "Privilege Manager run",
    "community.general.run0": "Systemd's run0",
    "community.general.sesu": "CA Privileged Access Manager",
    "community.general.sudosu": "Run tasks using sudo su -",
    "containers.podman.podman_unshare": "Run tasks using podman unshare"
}
2025-05-15 19:41:00,848 p=164757 u=jjquin n=ansiblelint.__main__ WARNING| The following filters were mocked during the run: to_bytes
2025-05-15 19:41:02,348 p=164793 u=jjquin n=ansiblelint.__main__ WARNING| Found VIRTUAL_ENV=/ but we cannot use it for caching as it is not writable.
2025-05-15 19:41:03,365 p=164819 u=jjquin n=ansible INFO| {
    "ansible.builtin.runas": "Run As user",
    "ansible.builtin.su": "Substitute User",
    "ansible.builtin.sudo": "Substitute User DO",
    "ansible.netcommon.enable": "Switch to elevated permissions on a network device",
    "community.general.doas": "Do As user",
    "community.general.dzdo": "Centrify's Direct Authorize",
    "community.general.ksu": "Kerberos substitute user",
    "community.general.machinectl": "Systemd's machinectl privilege escalation",
    "community.general.pbrun": "PowerBroker run",
    "community.general.pfexec": "profile based execution",
    "community.general.pmrun": "Privilege Manager run",
    "community.general.run0": "Systemd's run0",
    "community.general.sesu": "CA Privileged Access Manager",
    "community.general.sudosu": "Run tasks using sudo su -",
    "containers.podman.podman_unshare": "Run tasks using podman unshare"
}
2025-05-15 19:41:03,573 p=164793 u=jjquin n=ansiblelint.__main__ WARNING| The following filters were mocked during the run: to_bytes
2025-05-15 19:41:07,185 p=164822 u=jjquin n=ansiblelint.__main__ WARNING| Found VIRTUAL_ENV=/ but we cannot use it for caching as it is not writable.
2025-05-15 19:41:08,187 p=164852 u=jjquin n=ansible INFO| {
    "ansible.builtin.runas": "Run As user",
    "ansible.builtin.su": "Substitute User",
    "ansible.builtin.sudo": "Substitute User DO",
    "ansible.netcommon.enable": "Switch to elevated permissions on a network device",
    "community.general.doas": "Do As user",
    "community.general.dzdo": "Centrify's Direct Authorize",
    "community.general.ksu": "Kerberos substitute user",
    "community.general.machinectl": "Systemd's machinectl privilege escalation",
    "community.general.pbrun": "PowerBroker run",
    "community.general.pfexec": "profile based execution",
    "community.general.pmrun": "Privilege Manager run",
    "community.general.run0": "Systemd's run0",
    "community.general.sesu": "CA Privileged Access Manager",
    "community.general.sudosu": "Run tasks using sudo su -",
    "containers.podman.podman_unshare": "Run tasks using podman unshare"
}
2025-05-15 19:41:08,397 p=164822 u=jjquin n=ansiblelint.__main__ WARNING| The following filters were mocked during the run: to_bytes
2025-05-15 19:41:10,976 p=164856 u=jjquin n=ansiblelint.__main__ WARNING| Found VIRTUAL_ENV=/ but we cannot use it for caching as it is not writable.
2025-05-15 19:41:11,997 p=164885 u=jjquin n=ansible INFO| {
    "ansible.builtin.runas": "Run As user",
    "ansible.builtin.su": "Substitute User",
    "ansible.builtin.sudo": "Substitute User DO",
    "ansible.netcommon.enable": "Switch to elevated permissions on a network device",
    "community.general.doas": "Do As user",
    "community.general.dzdo": "Centrify's Direct Authorize",
    "community.general.ksu": "Kerberos substitute user",
    "community.general.machinectl": "Systemd's machinectl privilege escalation",
    "community.general.pbrun": "PowerBroker run",
    "community.general.pfexec": "profile based execution",
    "community.general.pmrun": "Privilege Manager run",
    "community.general.run0": "Systemd's run0",
    "community.general.sesu": "CA Privileged Access Manager",
    "community.general.sudosu": "Run tasks using sudo su -",
    "containers.podman.podman_unshare": "Run tasks using podman unshare"
}
2025-05-15 19:41:12,210 p=164856 u=jjquin n=ansiblelint.__main__ WARNING| The following filters were mocked during the run: to_bytes
2025-05-15 19:42:04,169 p=164909 u=jjquin n=ansiblelint.__main__ WARNING| Found VIRTUAL_ENV=/ but we cannot use it for caching as it is not writable.
2025-05-15 19:42:04,192 p=164911 u=jjquin n=ansiblelint.__main__ WARNING| Found VIRTUAL_ENV=/ but we cannot use it for caching as it is not writable.
2025-05-15 19:42:13,714 p=164952 u=jjquin n=ansiblelint.__main__ WARNING| Found VIRTUAL_ENV=/ but we cannot use it for caching as it is not writable.
2025-05-15 19:42:13,734 p=164954 u=jjquin n=ansiblelint.__main__ WARNING| Found VIRTUAL_ENV=/ but we cannot use it for caching as it is not writable.
2025-05-15 19:42:19,267 p=164993 u=jjquin n=ansiblelint.__main__ WARNING| Found VIRTUAL_ENV=/ but we cannot use it for caching as it is not writable.
2025-05-15 19:42:20,956 p=165028 u=jjquin n=ansiblelint.__main__ WARNING| Found VIRTUAL_ENV=/ but we cannot use it for caching as it is not writable.
2025-05-15 19:42:23,847 p=165035 u=jjquin n=ansiblelint.__main__ WARNING| Found VIRTUAL_ENV=/ but we cannot use it for caching as it is not writable.
2025-05-15 19:42:26,290 p=165068 u=jjquin n=ansiblelint.__main__ WARNING| Found VIRTUAL_ENV=/ but we cannot use it for caching as it is not writable.
2025-05-15 19:42:26,920 p=165078 u=jjquin n=ansiblelint.__main__ WARNING| Found VIRTUAL_ENV=/ but we cannot use it for caching as it is not writable.
2025-05-15 19:42:29,432 p=165103 u=jjquin n=ansiblelint.__main__ WARNING| Found VIRTUAL_ENV=/ but we cannot use it for caching as it is not writable.
2025-05-15 19:42:32,209 p=165136 u=jjquin n=ansiblelint.__main__ WARNING| Found VIRTUAL_ENV=/ but we cannot use it for caching as it is not writable.
2025-05-15 19:42:32,470 p=165147 u=jjquin n=ansiblelint.__main__ WARNING| Found VIRTUAL_ENV=/ but we cannot use it for caching as it is not writable.
2025-05-15 19:42:47,367 p=165165 u=jjquin n=ansiblelint.__main__ WARNING| Found VIRTUAL_ENV=/ but we cannot use it for caching as it is not writable.
2025-05-15 19:42:48,390 p=165193 u=jjquin n=ansible INFO| {
    "ansible.builtin.runas": "Run As user",
    "ansible.builtin.su": "Substitute User",
    "ansible.builtin.sudo": "Substitute User DO",
    "ansible.netcommon.enable": "Switch to elevated permissions on a network device",
    "community.general.doas": "Do As user",
    "community.general.dzdo": "Centrify's Direct Authorize",
    "community.general.ksu": "Kerberos substitute user",
    "community.general.machinectl": "Systemd's machinectl privilege escalation",
    "community.general.pbrun": "PowerBroker run",
    "community.general.pfexec": "profile based execution",
    "community.general.pmrun": "Privilege Manager run",
    "community.general.run0": "Systemd's run0",
    "community.general.sesu": "CA Privileged Access Manager",
    "community.general.sudosu": "Run tasks using sudo su -",
    "containers.podman.podman_unshare": "Run tasks using podman unshare"
}
2025-05-15 19:42:48,425 p=165165 u=jjquin n=ansiblelint.__main__ WARNING| The following filters were mocked during the run: to_bytes
2025-05-15 19:42:48,806 p=165196 u=jjquin n=ansiblelint.__main__ WARNING| Found VIRTUAL_ENV=/ but we cannot use it for caching as it is not writable.
2025-05-15 19:42:49,843 p=165222 u=jjquin n=ansible INFO| {
    "ansible.builtin.runas": "Run As user",
    "ansible.builtin.su": "Substitute User",
    "ansible.builtin.sudo": "Substitute User DO",
    "ansible.netcommon.enable": "Switch to elevated permissions on a network device",
    "community.general.doas": "Do As user",
    "community.general.dzdo": "Centrify's Direct Authorize",
    "community.general.ksu": "Kerberos substitute user",
    "community.general.machinectl": "Systemd's machinectl privilege escalation",
    "community.general.pbrun": "PowerBroker run",
    "community.general.pfexec": "profile based execution",
    "community.general.pmrun": "Privilege Manager run",
    "community.general.run0": "Systemd's run0",
    "community.general.sesu": "CA Privileged Access Manager",
    "community.general.sudosu": "Run tasks using sudo su -",
    "containers.podman.podman_unshare": "Run tasks using podman unshare"
}
2025-05-15 19:42:49,870 p=165227 u=jjquin n=ansiblelint.__main__ WARNING| Found VIRTUAL_ENV=/ but we cannot use it for caching as it is not writable.
2025-05-15 19:42:49,883 p=165196 u=jjquin n=ansiblelint.__main__ WARNING| The following filters were mocked during the run: to_bytes
2025-05-15 19:42:53,347 p=165238 u=jjquin n=ansiblelint.__main__ WARNING| Found VIRTUAL_ENV=/ but we cannot use it for caching as it is not writable.
2025-05-15 19:42:54,304 p=165263 u=jjquin n=ansible INFO| {
    "ansible.builtin.runas": "Run As user",
    "ansible.builtin.su": "Substitute User",
    "ansible.builtin.sudo": "Substitute User DO",
    "ansible.netcommon.enable": "Switch to elevated permissions on a network device",
    "community.general.doas": "Do As user",
    "community.general.dzdo": "Centrify's Direct Authorize",
    "community.general.ksu": "Kerberos substitute user",
    "community.general.machinectl": "Systemd's machinectl privilege escalation",
    "community.general.pbrun": "PowerBroker run",
    "community.general.pfexec": "profile based execution",
    "community.general.pmrun": "Privilege Manager run",
    "community.general.run0": "Systemd's run0",
    "community.general.sesu": "CA Privileged Access Manager",
    "community.general.sudosu": "Run tasks using sudo su -",
    "containers.podman.podman_unshare": "Run tasks using podman unshare"
}
2025-05-15 19:42:55,847 p=165269 u=jjquin n=ansiblelint.__main__ WARNING| Found VIRTUAL_ENV=/ but we cannot use it for caching as it is not writable.
2025-05-15 19:42:56,119 p=165278 u=jjquin n=ansiblelint.__main__ WARNING| Found VIRTUAL_ENV=/ but we cannot use it for caching as it is not writable.
2025-05-15 19:43:10,812 p=165295 u=jjquin n=ansiblelint.__main__ WARNING| Found VIRTUAL_ENV=/ but we cannot use it for caching as it is not writable.
2025-05-15 19:43:11,807 p=165321 u=jjquin n=ansible INFO| {
    "ansible.builtin.runas": "Run As user",
    "ansible.builtin.su": "Substitute User",
    "ansible.builtin.sudo": "Substitute User DO",
    "ansible.netcommon.enable": "Switch to elevated permissions on a network device",
    "community.general.doas": "Do As user",
    "community.general.dzdo": "Centrify's Direct Authorize",
    "community.general.ksu": "Kerberos substitute user",
    "community.general.machinectl": "Systemd's machinectl privilege escalation",
    "community.general.pbrun": "PowerBroker run",
    "community.general.pfexec": "profile based execution",
    "community.general.pmrun": "Privilege Manager run",
    "community.general.run0": "Systemd's run0",
    "community.general.sesu": "CA Privileged Access Manager",
    "community.general.sudosu": "Run tasks using sudo su -",
    "containers.podman.podman_unshare": "Run tasks using podman unshare"
}
2025-05-15 19:43:11,839 p=165295 u=jjquin n=ansiblelint.__main__ WARNING| The following filters were mocked during the run: to_bytes
2025-05-15 19:49:24,085 p=165408 u=jjquin n=ansiblelint.__main__ WARNING| Found VIRTUAL_ENV=/ but we cannot use it for caching as it is not writable.
2025-05-15 19:49:24,289 p=165417 u=jjquin n=ansiblelint.__main__ WARNING| Found VIRTUAL_ENV=/ but we cannot use it for caching as it is not writable.
2025-05-15 19:49:37,281 p=165445 u=jjquin n=ansiblelint.__main__ WARNING| Found VIRTUAL_ENV=/ but we cannot use it for caching as it is not writable.
2025-05-15 19:49:53,407 p=165483 u=jjquin n=ansiblelint.__main__ WARNING| Found VIRTUAL_ENV=/ but we cannot use it for caching as it is not writable.
2025-05-15 19:49:53,662 p=165492 u=jjquin n=ansiblelint.__main__ WARNING| Found VIRTUAL_ENV=/ but we cannot use it for caching as it is not writable.
2025-05-15 19:50:04,314 p=165502 u=jjquin n=ansiblelint.__main__ WARNING| Found VIRTUAL_ENV=/ but we cannot use it for caching as it is not writable.
2025-05-15 19:50:05,313 p=165528 u=jjquin n=ansible INFO| {
    "ansible.builtin.runas": "Run As user",
    "ansible.builtin.su": "Substitute User",
    "ansible.builtin.sudo": "Substitute User DO",
    "ansible.netcommon.enable": "Switch to elevated permissions on a network device",
    "community.general.doas": "Do As user",
    "community.general.dzdo": "Centrify's Direct Authorize",
    "community.general.ksu": "Kerberos substitute user",
    "community.general.machinectl": "Systemd's machinectl privilege escalation",
    "community.general.pbrun": "PowerBroker run",
    "community.general.pfexec": "profile based execution",
    "community.general.pmrun": "Privilege Manager run",
    "community.general.run0": "Systemd's run0",
    "community.general.sesu": "CA Privileged Access Manager",
    "community.general.sudosu": "Run tasks using sudo su -",
    "containers.podman.podman_unshare": "Run tasks using podman unshare"
}
2025-05-15 19:50:05,345 p=165502 u=jjquin n=ansiblelint.__main__ WARNING| The following filters were mocked during the run: to_bytes
2025-05-15 19:51:31,304 p=165560 u=jjquin n=ansiblelint.__main__ WARNING| Found VIRTUAL_ENV=/ but we cannot use it for caching as it is not writable.
2025-05-15 19:51:31,330 p=165562 u=jjquin n=ansiblelint.__main__ WARNING| Found VIRTUAL_ENV=/ but we cannot use it for caching as it is not writable.
2025-05-15 19:51:32,070 p=165576 u=jjquin n=ansiblelint.__main__ WARNING| Found VIRTUAL_ENV=/ but we cannot use it for caching as it is not writable.
2025-05-15 19:51:32,281 p=165605 u=jjquin n=ansiblelint.__main__ WARNING| Found VIRTUAL_ENV=/ but we cannot use it for caching as it is not writable.
2025-05-15 19:51:32,356 p=165604 u=jjquin n=ansible INFO| {
    "ansible.builtin.runas": "Run As user",
    "ansible.builtin.su": "Substitute User",
    "ansible.builtin.sudo": "Substitute User DO",
    "ansible.netcommon.enable": "Switch to elevated permissions on a network device",
    "community.general.doas": "Do As user",
    "community.general.dzdo": "Centrify's Direct Authorize",
    "community.general.ksu": "Kerberos substitute user",
    "community.general.machinectl": "Systemd's machinectl privilege escalation",
    "community.general.pbrun": "PowerBroker run",
    "community.general.pfexec": "profile based execution",
    "community.general.pmrun": "Privilege Manager run",
    "community.general.run0": "Systemd's run0",
    "community.general.sesu": "CA Privileged Access Manager",
    "community.general.sudosu": "Run tasks using sudo su -",
    "containers.podman.podman_unshare": "Run tasks using podman unshare"
}
2025-05-15 19:51:51,102 p=165632 u=jjquin n=ansiblelint.__main__ WARNING| Found VIRTUAL_ENV=/ but we cannot use it for caching as it is not writable.
2025-05-15 20:00:12,587 p=165845 u=jjquin n=ansiblelint.__main__ WARNING| Found VIRTUAL_ENV=/ but we cannot use it for caching as it is not writable.
2025-05-15 20:00:12,600 p=165846 u=jjquin n=ansiblelint.__main__ WARNING| Found VIRTUAL_ENV=/ but we cannot use it for caching as it is not writable.
2025-05-15 20:00:13,597 p=165877 u=jjquin n=ansible INFO| {
    "ansible.builtin.runas": "Run As user",
    "ansible.builtin.su": "Substitute User",
    "ansible.builtin.sudo": "Substitute User DO",
    "ansible.netcommon.enable": "Switch to elevated permissions on a network device",
    "community.general.doas": "Do As user",
    "community.general.dzdo": "Centrify's Direct Authorize",
    "community.general.ksu": "Kerberos substitute user",
    "community.general.machinectl": "Systemd's machinectl privilege escalation",
    "community.general.pbrun": "PowerBroker run",
    "community.general.pfexec": "profile based execution",
    "community.general.pmrun": "Privilege Manager run",
    "community.general.run0": "Systemd's run0",
    "community.general.sesu": "CA Privileged Access Manager",
    "community.general.sudosu": "Run tasks using sudo su -",
    "containers.podman.podman_unshare": "Run tasks using podman unshare"
}
2025-05-15 20:00:17,692 p=165891 u=jjquin n=ansiblelint.__main__ WARNING| Found VIRTUAL_ENV=/ but we cannot use it for caching as it is not writable.
2025-05-15 20:00:17,984 p=165900 u=jjquin n=ansiblelint.__main__ WARNING| Found VIRTUAL_ENV=/ but we cannot use it for caching as it is not writable.
2025-05-15 20:00:24,928 p=165911 u=jjquin n=ansiblelint.__main__ WARNING| Found VIRTUAL_ENV=/ but we cannot use it for caching as it is not writable.
2025-05-15 20:00:25,942 p=165939 u=jjquin n=ansible INFO| {
    "ansible.builtin.runas": "Run As user",
    "ansible.builtin.su": "Substitute User",
    "ansible.builtin.sudo": "Substitute User DO",
    "ansible.netcommon.enable": "Switch to elevated permissions on a network device",
    "community.general.doas": "Do As user",
    "community.general.dzdo": "Centrify's Direct Authorize",
    "community.general.ksu": "Kerberos substitute user",
    "community.general.machinectl": "Systemd's machinectl privilege escalation",
    "community.general.pbrun": "PowerBroker run",
    "community.general.pfexec": "profile based execution",
    "community.general.pmrun": "Privilege Manager run",
    "community.general.run0": "Systemd's run0",
    "community.general.sesu": "CA Privileged Access Manager",
    "community.general.sudosu": "Run tasks using sudo su -",
    "containers.podman.podman_unshare": "Run tasks using podman unshare"
}
2025-05-15 20:00:26,147 p=165911 u=jjquin n=ansiblelint.__main__ WARNING| The following filters were mocked during the run: to_bytes
2025-05-15 20:00:33,441 p=165950 u=jjquin n=ansiblelint.__main__ WARNING| Found VIRTUAL_ENV=/ but we cannot use it for caching as it is not writable.
2025-05-15 20:00:34,464 p=165978 u=jjquin n=ansible INFO| {
    "ansible.builtin.runas": "Run As user",
    "ansible.builtin.su": "Substitute User",
    "ansible.builtin.sudo": "Substitute User DO",
    "ansible.netcommon.enable": "Switch to elevated permissions on a network device",
    "community.general.doas": "Do As user",
    "community.general.dzdo": "Centrify's Direct Authorize",
    "community.general.ksu": "Kerberos substitute user",
    "community.general.machinectl": "Systemd's machinectl privilege escalation",
    "community.general.pbrun": "PowerBroker run",
    "community.general.pfexec": "profile based execution",
    "community.general.pmrun": "Privilege Manager run",
    "community.general.run0": "Systemd's run0",
    "community.general.sesu": "CA Privileged Access Manager",
    "community.general.sudosu": "Run tasks using sudo su -",
    "containers.podman.podman_unshare": "Run tasks using podman unshare"
}
2025-05-15 20:00:34,669 p=165950 u=jjquin n=ansiblelint.__main__ WARNING| The following filters were mocked during the run: to_bytes
2025-05-15 20:00:40,583 p=165986 u=jjquin n=ansiblelint.__main__ WARNING| Found VIRTUAL_ENV=/ but we cannot use it for caching as it is not writable.
2025-05-15 20:00:41,568 p=166012 u=jjquin n=ansible INFO| {
    "ansible.builtin.runas": "Run As user",
    "ansible.builtin.su": "Substitute User",
    "ansible.builtin.sudo": "Substitute User DO",
    "ansible.netcommon.enable": "Switch to elevated permissions on a network device",
    "community.general.doas": "Do As user",
    "community.general.dzdo": "Centrify's Direct Authorize",
    "community.general.ksu": "Kerberos substitute user",
    "community.general.machinectl": "Systemd's machinectl privilege escalation",
    "community.general.pbrun": "PowerBroker run",
    "community.general.pfexec": "profile based execution",
    "community.general.pmrun": "Privilege Manager run",
    "community.general.run0": "Systemd's run0",
    "community.general.sesu": "CA Privileged Access Manager",
    "community.general.sudosu": "Run tasks using sudo su -",
    "containers.podman.podman_unshare": "Run tasks using podman unshare"
}
2025-05-15 20:00:41,813 p=165986 u=jjquin n=ansiblelint.__main__ WARNING| The following filters were mocked during the run: to_bytes
2025-05-15 20:04:58,008 p=166078 u=jjquin n=ansiblelint.__main__ WARNING| Found VIRTUAL_ENV=/ but we cannot use it for caching as it is not writable.
2025-05-15 20:04:58,035 p=166080 u=jjquin n=ansiblelint.__main__ WARNING| Found VIRTUAL_ENV=/ but we cannot use it for caching as it is not writable.
2025-05-15 20:04:58,283 p=166090 u=jjquin n=ansiblelint.__main__ WARNING| Found VIRTUAL_ENV=/ but we cannot use it for caching as it is not writable.
2025-05-15 20:04:58,932 p=166123 u=jjquin n=ansible INFO| {
    "ansible.builtin.runas": "Run As user",
    "ansible.builtin.su": "Substitute User",
    "ansible.builtin.sudo": "Substitute User DO",
    "ansible.netcommon.enable": "Switch to elevated permissions on a network device",
    "community.general.doas": "Do As user",
    "community.general.dzdo": "Centrify's Direct Authorize",
    "community.general.ksu": "Kerberos substitute user",
    "community.general.machinectl": "Systemd's machinectl privilege escalation",
    "community.general.pbrun": "PowerBroker run",
    "community.general.pfexec": "profile based execution",
    "community.general.pmrun": "Privilege Manager run",
    "community.general.run0": "Systemd's run0",
    "community.general.sesu": "CA Privileged Access Manager",
    "community.general.sudosu": "Run tasks using sudo su -",
    "containers.podman.podman_unshare": "Run tasks using podman unshare"
}
2025-05-15 20:05:02,637 p=166150 u=jjquin n=ansiblelint.__main__ WARNING| Found VIRTUAL_ENV=/ but we cannot use it for caching as it is not writable.
2025-05-15 20:05:03,535 p=166176 u=jjquin n=ansible INFO| {
    "ansible.builtin.runas": "Run As user",
    "ansible.builtin.su": "Substitute User",
    "ansible.builtin.sudo": "Substitute User DO",
    "ansible.netcommon.enable": "Switch to elevated permissions on a network device",
    "community.general.doas": "Do As user",
    "community.general.dzdo": "Centrify's Direct Authorize",
    "community.general.ksu": "Kerberos substitute user",
    "community.general.machinectl": "Systemd's machinectl privilege escalation",
    "community.general.pbrun": "PowerBroker run",
    "community.general.pfexec": "profile based execution",
    "community.general.pmrun": "Privilege Manager run",
    "community.general.run0": "Systemd's run0",
    "community.general.sesu": "CA Privileged Access Manager",
    "community.general.sudosu": "Run tasks using sudo su -",
    "containers.podman.podman_unshare": "Run tasks using podman unshare"
}
2025-05-15 20:05:17,367 p=166187 u=jjquin n=ansiblelint.__main__ WARNING| Found VIRTUAL_ENV=/ but we cannot use it for caching as it is not writable.
2025-05-15 20:05:17,582 p=166196 u=jjquin n=ansiblelint.__main__ WARNING| Found VIRTUAL_ENV=/ but we cannot use it for caching as it is not writable.
2025-05-15 20:05:22,126 p=166205 u=jjquin n=ansiblelint.__main__ WARNING| Found VIRTUAL_ENV=/ but we cannot use it for caching as it is not writable.
2025-05-15 20:05:55,370 p=166254 u=jjquin n=ansiblelint.__main__ WARNING| Found VIRTUAL_ENV=/ but we cannot use it for caching as it is not writable.
2025-05-15 20:05:58,672 p=166265 u=jjquin n=ansiblelint.__main__ WARNING| Found VIRTUAL_ENV=/ but we cannot use it for caching as it is not writable.
2025-05-15 20:05:58,932 p=166274 u=jjquin n=ansiblelint.__main__ WARNING| Found VIRTUAL_ENV=/ but we cannot use it for caching as it is not writable.
2025-05-15 20:06:03,619 p=166285 u=jjquin n=ansiblelint.__main__ WARNING| Found VIRTUAL_ENV=/ but we cannot use it for caching as it is not writable.
2025-05-15 20:09:59,301 p=166385 u=jjquin n=ansiblelint.__main__ WARNING| Found VIRTUAL_ENV=/ but we cannot use it for caching as it is not writable.
2025-05-15 20:10:07,999 p=166404 u=jjquin n=ansiblelint.__main__ WARNING| Found VIRTUAL_ENV=/ but we cannot use it for caching as it is not writable.
2025-05-15 20:10:08,600 p=166404 u=jjquin n=args WARNING| Unable to load module community.general.aur at roles/zfs_setup/tasks/zfs_sanoid.yml:8 for options validation
2025-05-15 20:10:08,614 p=166404 u=jjquin n=ansiblelint.rules.fqcn WARNING| Invalid value (None)for resolved_fqcn attribute of community.general.aur module.
2025-05-15 20:10:09,042 p=166429 u=jjquin n=ansible INFO| {
    "ansible.builtin.runas": "Run As user",
    "ansible.builtin.su": "Substitute User",
    "ansible.builtin.sudo": "Substitute User DO",
    "ansible.netcommon.enable": "Switch to elevated permissions on a network device",
    "community.general.doas": "Do As user",
    "community.general.dzdo": "Centrify's Direct Authorize",
    "community.general.ksu": "Kerberos substitute user",
    "community.general.machinectl": "Systemd's machinectl privilege escalation",
    "community.general.pbrun": "PowerBroker run",
    "community.general.pfexec": "profile based execution",
    "community.general.pmrun": "Privilege Manager run",
    "community.general.run0": "Systemd's run0",
    "community.general.sesu": "CA Privileged Access Manager",
    "community.general.sudosu": "Run tasks using sudo su -",
    "containers.podman.podman_unshare": "Run tasks using podman unshare"
}
2025-05-15 20:10:38,385 p=166446 u=jjquin n=ansiblelint.__main__ WARNING| Found VIRTUAL_ENV=/ but we cannot use it for caching as it is not writable.
2025-05-15 20:10:44,157 p=166457 u=jjquin n=ansiblelint.__main__ WARNING| Found VIRTUAL_ENV=/ but we cannot use it for caching as it is not writable.
2025-05-15 20:10:45,085 p=166482 u=jjquin n=ansible INFO| {
    "ansible.builtin.runas": "Run As user",
    "ansible.builtin.su": "Substitute User",
    "ansible.builtin.sudo": "Substitute User DO",
    "ansible.netcommon.enable": "Switch to elevated permissions on a network device",
    "community.general.doas": "Do As user",
    "community.general.dzdo": "Centrify's Direct Authorize",
    "community.general.ksu": "Kerberos substitute user",
    "community.general.machinectl": "Systemd's machinectl privilege escalation",
    "community.general.pbrun": "PowerBroker run",
    "community.general.pfexec": "profile based execution",
    "community.general.pmrun": "Privilege Manager run",
    "community.general.run0": "Systemd's run0",
    "community.general.sesu": "CA Privileged Access Manager",
    "community.general.sudosu": "Run tasks using sudo su -",
    "containers.podman.podman_unshare": "Run tasks using podman unshare"
}
2025-05-15 20:10:53,640 p=166494 u=jjquin n=ansiblelint.__main__ WARNING| Found VIRTUAL_ENV=/ but we cannot use it for caching as it is not writable.
2025-05-15 20:10:54,593 p=166519 u=jjquin n=ansible INFO| {
    "ansible.builtin.runas": "Run As user",
    "ansible.builtin.su": "Substitute User",
    "ansible.builtin.sudo": "Substitute User DO",
    "ansible.netcommon.enable": "Switch to elevated permissions on a network device",
    "community.general.doas": "Do As user",
    "community.general.dzdo": "Centrify's Direct Authorize",
    "community.general.ksu": "Kerberos substitute user",
    "community.general.machinectl": "Systemd's machinectl privilege escalation",
    "community.general.pbrun": "PowerBroker run",
    "community.general.pfexec": "profile based execution",
    "community.general.pmrun": "Privilege Manager run",
    "community.general.run0": "Systemd's run0",
    "community.general.sesu": "CA Privileged Access Manager",
    "community.general.sudosu": "Run tasks using sudo su -",
    "containers.podman.podman_unshare": "Run tasks using podman unshare"
}
2025-05-15 20:11:08,043 p=166531 u=jjquin n=ansiblelint.__main__ WARNING| Found VIRTUAL_ENV=/ but we cannot use it for caching as it is not writable.
2025-05-15 20:11:08,319 p=166540 u=jjquin n=ansiblelint.__main__ WARNING| Found VIRTUAL_ENV=/ but we cannot use it for caching as it is not writable.
2025-05-15 20:11:16,639 p=166552 u=jjquin n=ansiblelint.__main__ WARNING| Found VIRTUAL_ENV=/ but we cannot use it for caching as it is not writable.
2025-05-15 20:11:18,965 p=166585 u=jjquin n=ansiblelint.__main__ WARNING| Found VIRTUAL_ENV=/ but we cannot use it for caching as it is not writable.
2025-05-15 20:11:20,631 p=166613 u=jjquin n=ansiblelint.__main__ WARNING| Found VIRTUAL_ENV=/ but we cannot use it for caching as it is not writable.
2025-05-15 20:12:07,155 p=166660 u=jjquin n=ansiblelint.__main__ WARNING| Found VIRTUAL_ENV=/ but we cannot use it for caching as it is not writable.
2025-05-15 20:12:12,062 p=166672 u=jjquin n=ansiblelint.__main__ WARNING| Found VIRTUAL_ENV=/ but we cannot use it for caching as it is not writable.
2025-05-15 20:12:12,358 p=166681 u=jjquin n=ansiblelint.__main__ WARNING| Found VIRTUAL_ENV=/ but we cannot use it for caching as it is not writable.
2025-05-15 20:15:53,233 p=166774 u=jjquin n=ansiblelint.__main__ WARNING| Found VIRTUAL_ENV=/ but we cannot use it for caching as it is not writable.
2025-05-15 20:15:59,316 p=166796 u=jjquin n=ansiblelint.__main__ WARNING| Found VIRTUAL_ENV=/ but we cannot use it for caching as it is not writable.
2025-05-15 20:16:03,884 p=166807 u=jjquin n=ansiblelint.__main__ WARNING| Found VIRTUAL_ENV=/ but we cannot use it for caching as it is not writable.
2025-05-15 20:16:04,513 p=166807 u=jjquin n=args WARNING| Unable to load module community.general.aur at roles/zfs_setup/tasks/zfs_sanoid.yml:8 for options validation
2025-05-15 20:16:04,532 p=166807 u=jjquin n=ansiblelint.rules.fqcn WARNING| Invalid value (None)for resolved_fqcn attribute of community.general.aur module.
2025-05-15 20:16:04,981 p=166832 u=jjquin n=ansible INFO| {
    "ansible.builtin.runas": "Run As user",
    "ansible.builtin.su": "Substitute User",
    "ansible.builtin.sudo": "Substitute User DO",
    "ansible.netcommon.enable": "Switch to elevated permissions on a network device",
    "community.general.doas": "Do As user",
    "community.general.dzdo": "Centrify's Direct Authorize",
    "community.general.ksu": "Kerberos substitute user",
    "community.general.machinectl": "Systemd's machinectl privilege escalation",
    "community.general.pbrun": "PowerBroker run",
    "community.general.pfexec": "profile based execution",
    "community.general.pmrun": "Privilege Manager run",
    "community.general.run0": "Systemd's run0",
    "community.general.sesu": "CA Privileged Access Manager",
    "community.general.sudosu": "Run tasks using sudo su -",
    "containers.podman.podman_unshare": "Run tasks using podman unshare"
}
2025-05-15 20:16:13,342 p=166854 u=jjquin n=ansiblelint.__main__ WARNING| Found VIRTUAL_ENV=/ but we cannot use it for caching as it is not writable.
2025-05-15 20:16:13,958 p=166854 u=jjquin n=args WARNING| Unable to load module community.general.aur at roles/zfs_setup/tasks/zfs_sanoid.yml:8 for options validation
2025-05-15 20:16:13,978 p=166854 u=jjquin n=fqcn WARNING| Invalid value (None)for resolved_fqcn attribute of community.general.aur module.
2025-05-15 20:16:14,421 p=166879 u=jjquin n=ansible INFO| {
    "ansible.builtin.runas": "Run As user",
    "ansible.builtin.su": "Substitute User",
    "ansible.builtin.sudo": "Substitute User DO",
    "ansible.netcommon.enable": "Switch to elevated permissions on a network device",
    "community.general.doas": "Do As user",
    "community.general.dzdo": "Centrify's Direct Authorize",
    "community.general.ksu": "Kerberos substitute user",
    "community.general.machinectl": "Systemd's machinectl privilege escalation",
    "community.general.pbrun": "PowerBroker run",
    "community.general.pfexec": "profile based execution",
    "community.general.pmrun": "Privilege Manager run",
    "community.general.run0": "Systemd's run0",
    "community.general.sesu": "CA Privileged Access Manager",
    "community.general.sudosu": "Run tasks using sudo su -",
    "containers.podman.podman_unshare": "Run tasks using podman unshare"
}
2025-05-15 20:16:14,861 p=166885 u=jjquin n=ansiblelint.__main__ WARNING| Found VIRTUAL_ENV=/ but we cannot use it for caching as it is not writable.
2025-05-15 20:16:15,107 p=166896 u=jjquin n=ansiblelint.__main__ WARNING| Found VIRTUAL_ENV=/ but we cannot use it for caching as it is not writable.
2025-05-15 20:16:33,045 p=166909 u=jjquin n=ansiblelint.__main__ WARNING| Found VIRTUAL_ENV=/ but we cannot use it for caching as it is not writable.
2025-05-15 20:16:34,013 p=166937 u=jjquin n=ansible INFO| {
    "ansible.builtin.runas": "Run As user",
    "ansible.builtin.su": "Substitute User",
    "ansible.builtin.sudo": "Substitute User DO",
    "ansible.netcommon.enable": "Switch to elevated permissions on a network device",
    "community.general.doas": "Do As user",
    "community.general.dzdo": "Centrify's Direct Authorize",
    "community.general.ksu": "Kerberos substitute user",
    "community.general.machinectl": "Systemd's machinectl privilege escalation",
    "community.general.pbrun": "PowerBroker run",
    "community.general.pfexec": "profile based execution",
    "community.general.pmrun": "Privilege Manager run",
    "community.general.run0": "Systemd's run0",
    "community.general.sesu": "CA Privileged Access Manager",
    "community.general.sudosu": "Run tasks using sudo su -",
    "containers.podman.podman_unshare": "Run tasks using podman unshare"
}
2025-05-15 20:16:34,101 p=166909 u=jjquin n=args WARNING| Unable to load module community.general.aur at roles/zfs_setup/tasks/zfs_sanoid.yml:8 for options validation
2025-05-15 20:16:34,121 p=166909 u=jjquin n=fqcn WARNING| Invalid value (None)for resolved_fqcn attribute of community.general.aur module.
2025-05-15 20:16:34,333 p=166909 u=jjquin n=ansiblelint.__main__ WARNING| The following filters were mocked during the run: to_bytes
2025-05-15 20:16:43,141 p=166945 u=jjquin n=ansiblelint.__main__ WARNING| Found VIRTUAL_ENV=/ but we cannot use it for caching as it is not writable.
2025-05-15 20:16:44,059 p=166973 u=jjquin n=ansible INFO| {
    "ansible.builtin.runas": "Run As user",
    "ansible.builtin.su": "Substitute User",
    "ansible.builtin.sudo": "Substitute User DO",
    "ansible.netcommon.enable": "Switch to elevated permissions on a network device",
    "community.general.doas": "Do As user",
    "community.general.dzdo": "Centrify's Direct Authorize",
    "community.general.ksu": "Kerberos substitute user",
    "community.general.machinectl": "Systemd's machinectl privilege escalation",
    "community.general.pbrun": "PowerBroker run",
    "community.general.pfexec": "profile based execution",
    "community.general.pmrun": "Privilege Manager run",
    "community.general.run0": "Systemd's run0",
    "community.general.sesu": "CA Privileged Access Manager",
    "community.general.sudosu": "Run tasks using sudo su -",
    "containers.podman.podman_unshare": "Run tasks using podman unshare"
}
2025-05-15 20:16:44,256 p=166945 u=jjquin n=ansiblelint.__main__ WARNING| The following filters were mocked during the run: to_bytes
2025-05-15 20:16:46,273 p=166981 u=jjquin n=ansiblelint.__main__ WARNING| Found VIRTUAL_ENV=/ but we cannot use it for caching as it is not writable.
2025-05-15 20:16:47,252 p=167012 u=jjquin n=ansible INFO| {
    "ansible.builtin.runas": "Run As user",
    "ansible.builtin.su": "Substitute User",
    "ansible.builtin.sudo": "Substitute User DO",
    "ansible.netcommon.enable": "Switch to elevated permissions on a network device",
    "community.general.doas": "Do As user",
    "community.general.dzdo": "Centrify's Direct Authorize",
    "community.general.ksu": "Kerberos substitute user",
    "community.general.machinectl": "Systemd's machinectl privilege escalation",
    "community.general.pbrun": "PowerBroker run",
    "community.general.pfexec": "profile based execution",
    "community.general.pmrun": "Privilege Manager run",
    "community.general.run0": "Systemd's run0",
    "community.general.sesu": "CA Privileged Access Manager",
    "community.general.sudosu": "Run tasks using sudo su -",
    "containers.podman.podman_unshare": "Run tasks using podman unshare"
}
2025-05-15 20:16:47,400 p=166981 u=jjquin n=ansiblelint.__main__ WARNING| The following filters were mocked during the run: to_bytes
2025-05-15 20:16:50,028 p=167017 u=jjquin n=ansiblelint.__main__ WARNING| Found VIRTUAL_ENV=/ but we cannot use it for caching as it is not writable.
2025-05-15 20:16:50,989 p=167049 u=jjquin n=ansible INFO| {
    "ansible.builtin.runas": "Run As user",
    "ansible.builtin.su": "Substitute User",
    "ansible.builtin.sudo": "Substitute User DO",
    "ansible.netcommon.enable": "Switch to elevated permissions on a network device",
    "community.general.doas": "Do As user",
    "community.general.dzdo": "Centrify's Direct Authorize",
    "community.general.ksu": "Kerberos substitute user",
    "community.general.machinectl": "Systemd's machinectl privilege escalation",
    "community.general.pbrun": "PowerBroker run",
    "community.general.pfexec": "profile based execution",
    "community.general.pmrun": "Privilege Manager run",
    "community.general.run0": "Systemd's run0",
    "community.general.sesu": "CA Privileged Access Manager",
    "community.general.sudosu": "Run tasks using sudo su -",
    "containers.podman.podman_unshare": "Run tasks using podman unshare"
}
2025-05-15 20:16:51,134 p=167017 u=jjquin n=ansiblelint.__main__ WARNING| The following filters were mocked during the run: to_bytes
2025-05-15 20:16:54,673 p=167055 u=jjquin n=ansiblelint.__main__ WARNING| Found VIRTUAL_ENV=/ but we cannot use it for caching as it is not writable.
2025-05-15 20:16:55,606 p=167083 u=jjquin n=ansible INFO| {
    "ansible.builtin.runas": "Run As user",
    "ansible.builtin.su": "Substitute User",
    "ansible.builtin.sudo": "Substitute User DO",
    "ansible.netcommon.enable": "Switch to elevated permissions on a network device",
    "community.general.doas": "Do As user",
    "community.general.dzdo": "Centrify's Direct Authorize",
    "community.general.ksu": "Kerberos substitute user",
    "community.general.machinectl": "Systemd's machinectl privilege escalation",
    "community.general.pbrun": "PowerBroker run",
    "community.general.pfexec": "profile based execution",
    "community.general.pmrun": "Privilege Manager run",
    "community.general.run0": "Systemd's run0",
    "community.general.sesu": "CA Privileged Access Manager",
    "community.general.sudosu": "Run tasks using sudo su -",
    "containers.podman.podman_unshare": "Run tasks using podman unshare"
}
2025-05-15 20:16:55,796 p=167055 u=jjquin n=ansiblelint.__main__ WARNING| The following filters were mocked during the run: to_bytes
2025-05-15 20:17:04,232 p=167099 u=jjquin n=ansiblelint.__main__ WARNING| Found VIRTUAL_ENV=/ but we cannot use it for caching as it is not writable.
2025-05-15 20:17:04,250 p=167100 u=jjquin n=ansiblelint.__main__ WARNING| Found VIRTUAL_ENV=/ but we cannot use it for caching as it is not writable.
2025-05-15 20:17:04,836 p=167099 u=jjquin n=args WARNING| Unable to load module community.general.aur at roles/zfs_setup/tasks/zfs_backup.yml:8 for options validation
2025-05-15 20:17:04,855 p=167099 u=jjquin n=ansiblelint.rules.fqcn WARNING| Invalid value (None)for resolved_fqcn attribute of community.general.aur module.
2025-05-15 20:17:05,302 p=167127 u=jjquin n=ansible INFO| {
    "ansible.builtin.runas": "Run As user",
    "ansible.builtin.su": "Substitute User",
    "ansible.builtin.sudo": "Substitute User DO",
    "ansible.netcommon.enable": "Switch to elevated permissions on a network device",
    "community.general.doas": "Do As user",
    "community.general.dzdo": "Centrify's Direct Authorize",
    "community.general.ksu": "Kerberos substitute user",
    "community.general.machinectl": "Systemd's machinectl privilege escalation",
    "community.general.pbrun": "PowerBroker run",
    "community.general.pfexec": "profile based execution",
    "community.general.pmrun": "Privilege Manager run",
    "community.general.run0": "Systemd's run0",
    "community.general.sesu": "CA Privileged Access Manager",
    "community.general.sudosu": "Run tasks using sudo su -",
    "containers.podman.podman_unshare": "Run tasks using podman unshare"
}
2025-05-15 20:17:43,810 p=167150 u=jjquin n=ansiblelint.__main__ WARNING| Found VIRTUAL_ENV=/ but we cannot use it for caching as it is not writable.
2025-05-15 20:17:44,037 p=167159 u=jjquin n=ansiblelint.__main__ WARNING| Found VIRTUAL_ENV=/ but we cannot use it for caching as it is not writable.
2025-05-15 20:17:47,694 p=167175 u=jjquin n=ansiblelint.__main__ WARNING| Found VIRTUAL_ENV=/ but we cannot use it for caching as it is not writable.
2025-05-15 20:17:47,914 p=167187 u=jjquin n=ansiblelint.__main__ WARNING| Found VIRTUAL_ENV=/ but we cannot use it for caching as it is not writable.
2025-05-15 20:19:21,614 p=167237 u=jjquin n=ansiblelint.__main__ WARNING| Found VIRTUAL_ENV=/ but we cannot use it for caching as it is not writable.
2025-05-15 20:19:21,872 p=167246 u=jjquin n=ansiblelint.__main__ WARNING| Found VIRTUAL_ENV=/ but we cannot use it for caching as it is not writable.
2025-05-15 20:19:43,356 p=167271 u=jjquin n=ansiblelint.__main__ WARNING| Found VIRTUAL_ENV=/ but we cannot use it for caching as it is not writable.
2025-05-15 20:21:39,876 p=167312 u=jjquin n=ansiblelint.__main__ WARNING| Found VIRTUAL_ENV=/ but we cannot use it for caching as it is not writable.
2025-05-15 20:21:40,170 p=167321 u=jjquin n=ansiblelint.__main__ WARNING| Found VIRTUAL_ENV=/ but we cannot use it for caching as it is not writable.
2025-05-15 20:22:11,849 p=167350 u=jjquin n=ansiblelint.__main__ WARNING| Found VIRTUAL_ENV=/ but we cannot use it for caching as it is not writable.
2025-05-15 20:22:13,233 p=167377 u=jjquin n=ansiblelint.__main__ WARNING| Found VIRTUAL_ENV=/ but we cannot use it for caching as it is not writable.
2025-05-15 20:24:01,220 p=167494 u=jjquin n=ansiblelint.__main__ WARNING| Found VIRTUAL_ENV=/ but we cannot use it for caching as it is not writable.
2025-05-15 20:24:01,477 p=167505 u=jjquin n=ansiblelint.__main__ WARNING| Found VIRTUAL_ENV=/ but we cannot use it for caching as it is not writable.
2025-05-15 20:24:24,897 p=167524 u=jjquin n=ansiblelint.__main__ WARNING| Found VIRTUAL_ENV=/ but we cannot use it for caching as it is not writable.
2025-05-15 20:24:58,328 p=167551 u=jjquin n=ansiblelint.__main__ WARNING| Found VIRTUAL_ENV=/ but we cannot use it for caching as it is not writable.
2025-05-15 20:24:58,942 p=167551 u=jjquin n=args WARNING| Unable to load module community.general.aur at roles/zfs_setup/tasks/zfs_backup.yml:8 for options validation
2025-05-15 20:24:58,961 p=167551 u=jjquin n=fqcn WARNING| Invalid value (None)for resolved_fqcn attribute of community.general.aur module.
2025-05-15 20:24:59,404 p=167576 u=jjquin n=ansible INFO| {
    "ansible.builtin.runas": "Run As user",
    "ansible.builtin.su": "Substitute User",
    "ansible.builtin.sudo": "Substitute User DO",
    "ansible.netcommon.enable": "Switch to elevated permissions on a network device",
    "community.general.doas": "Do As user",
    "community.general.dzdo": "Centrify's Direct Authorize",
    "community.general.ksu": "Kerberos substitute user",
    "community.general.machinectl": "Systemd's machinectl privilege escalation",
    "community.general.pbrun": "PowerBroker run",
    "community.general.pfexec": "profile based execution",
    "community.general.pmrun": "Privilege Manager run",
    "community.general.run0": "Systemd's run0",
    "community.general.sesu": "CA Privileged Access Manager",
    "community.general.sudosu": "Run tasks using sudo su -",
    "containers.podman.podman_unshare": "Run tasks using podman unshare"
}
2025-05-15 20:24:59,689 p=167581 u=jjquin n=ansiblelint.__main__ WARNING| Found VIRTUAL_ENV=/ but we cannot use it for caching as it is not writable.
2025-05-15 20:25:00,298 p=167581 u=jjquin n=args WARNING| Unable to load module community.general.aur at roles/zfs_setup/tasks/zfs_backup.yml:8 for options validation
2025-05-15 20:25:00,318 p=167581 u=jjquin n=ansiblelint.rules.fqcn WARNING| Invalid value (None)for resolved_fqcn attribute of community.general.aur module.
2025-05-15 20:25:00,771 p=167606 u=jjquin n=ansible INFO| {
    "ansible.builtin.runas": "Run As user",
    "ansible.builtin.su": "Substitute User",
    "ansible.builtin.sudo": "Substitute User DO",
    "ansible.netcommon.enable": "Switch to elevated permissions on a network device",
    "community.general.doas": "Do As user",
    "community.general.dzdo": "Centrify's Direct Authorize",
    "community.general.ksu": "Kerberos substitute user",
    "community.general.machinectl": "Systemd's machinectl privilege escalation",
    "community.general.pbrun": "PowerBroker run",
    "community.general.pfexec": "profile based execution",
    "community.general.pmrun": "Privilege Manager run",
    "community.general.run0": "Systemd's run0",
    "community.general.sesu": "CA Privileged Access Manager",
    "community.general.sudosu": "Run tasks using sudo su -",
    "containers.podman.podman_unshare": "Run tasks using podman unshare"
}
2025-05-15 20:25:46,266 p=167622 u=jjquin n=ansiblelint.__main__ WARNING| Found VIRTUAL_ENV=/ but we cannot use it for caching as it is not writable.
2025-05-15 20:25:46,481 p=167631 u=jjquin n=ansiblelint.__main__ WARNING| Found VIRTUAL_ENV=/ but we cannot use it for caching as it is not writable.
2025-05-15 20:27:48,132 p=167739 u=jjquin n=ansiblelint.__main__ WARNING| Found VIRTUAL_ENV=/ but we cannot use it for caching as it is not writable.
2025-05-15 20:28:01,009 p=167753 u=jjquin n=ansiblelint.__main__ WARNING| Found VIRTUAL_ENV=/ but we cannot use it for caching as it is not writable.
2025-05-15 20:28:01,619 p=167753 u=jjquin n=args WARNING| Unable to load module community.general.aur at roles/zfs_setup/tasks/zfs_backup.yml:8 for options validation
2025-05-15 20:28:01,639 p=167753 u=jjquin n=ansiblelint.rules.fqcn WARNING| Invalid value (None)for resolved_fqcn attribute of community.general.aur module.
2025-05-15 20:28:02,096 p=167779 u=jjquin n=ansible INFO| {
    "ansible.builtin.runas": "Run As user",
    "ansible.builtin.su": "Substitute User",
    "ansible.builtin.sudo": "Substitute User DO",
    "ansible.netcommon.enable": "Switch to elevated permissions on a network device",
    "community.general.doas": "Do As user",
    "community.general.dzdo": "Centrify's Direct Authorize",
    "community.general.ksu": "Kerberos substitute user",
    "community.general.machinectl": "Systemd's machinectl privilege escalation",
    "community.general.pbrun": "PowerBroker run",
    "community.general.pfexec": "profile based execution",
    "community.general.pmrun": "Privilege Manager run",
    "community.general.run0": "Systemd's run0",
    "community.general.sesu": "CA Privileged Access Manager",
    "community.general.sudosu": "Run tasks using sudo su -",
    "containers.podman.podman_unshare": "Run tasks using podman unshare"
}
2025-05-15 20:28:02,274 p=167784 u=jjquin n=ansiblelint.__main__ WARNING| Found VIRTUAL_ENV=/ but we cannot use it for caching as it is not writable.
2025-05-15 20:28:02,885 p=167784 u=jjquin n=args WARNING| Unable to load module community.general.aur at roles/zfs_setup/tasks/zfs_backup.yml:8 for options validation
2025-05-15 20:28:02,905 p=167784 u=jjquin n=fqcn WARNING| Invalid value (None)for resolved_fqcn attribute of community.general.aur module.
2025-05-15 20:28:03,364 p=167809 u=jjquin n=ansible INFO| {
    "ansible.builtin.runas": "Run As user",
    "ansible.builtin.su": "Substitute User",
    "ansible.builtin.sudo": "Substitute User DO",
    "ansible.netcommon.enable": "Switch to elevated permissions on a network device",
    "community.general.doas": "Do As user",
    "community.general.dzdo": "Centrify's Direct Authorize",
    "community.general.ksu": "Kerberos substitute user",
    "community.general.machinectl": "Systemd's machinectl privilege escalation",
    "community.general.pbrun": "PowerBroker run",
    "community.general.pfexec": "profile based execution",
    "community.general.pmrun": "Privilege Manager run",
    "community.general.run0": "Systemd's run0",
    "community.general.sesu": "CA Privileged Access Manager",
    "community.general.sudosu": "Run tasks using sudo su -",
    "containers.podman.podman_unshare": "Run tasks using podman unshare"
}
2025-05-15 20:28:37,043 p=167835 u=jjquin n=ansiblelint.__main__ WARNING| Found VIRTUAL_ENV=/ but we cannot use it for caching as it is not writable.
2025-05-15 20:28:37,983 p=167841 u=jjquin n=ansiblelint.__main__ WARNING| Found VIRTUAL_ENV=/ but we cannot use it for caching as it is not writable.
2025-05-15 20:28:38,588 p=167841 u=jjquin n=args WARNING| Unable to load module community.general.aur at roles/zfs_setup/tasks/zfs_backup.yml:8 for options validation
2025-05-15 20:28:38,608 p=167841 u=jjquin n=fqcn WARNING| Invalid value (None)for resolved_fqcn attribute of community.general.aur module.
2025-05-15 20:28:39,057 p=167866 u=jjquin n=ansible INFO| {
    "ansible.builtin.runas": "Run As user",
    "ansible.builtin.su": "Substitute User",
    "ansible.builtin.sudo": "Substitute User DO",
    "ansible.netcommon.enable": "Switch to elevated permissions on a network device",
    "community.general.doas": "Do As user",
    "community.general.dzdo": "Centrify's Direct Authorize",
    "community.general.ksu": "Kerberos substitute user",
    "community.general.machinectl": "Systemd's machinectl privilege escalation",
    "community.general.pbrun": "PowerBroker run",
    "community.general.pfexec": "profile based execution",
    "community.general.pmrun": "Privilege Manager run",
    "community.general.run0": "Systemd's run0",
    "community.general.sesu": "CA Privileged Access Manager",
    "community.general.sudosu": "Run tasks using sudo su -",
    "containers.podman.podman_unshare": "Run tasks using podman unshare"
}
2025-05-15 20:28:39,182 p=167871 u=jjquin n=ansiblelint.__main__ WARNING| Found VIRTUAL_ENV=/ but we cannot use it for caching as it is not writable.
2025-05-15 20:28:39,793 p=167871 u=jjquin n=args WARNING| Unable to load module community.general.aur at roles/zfs_setup/tasks/zfs_backup.yml:8 for options validation
2025-05-15 20:28:39,813 p=167871 u=jjquin n=fqcn WARNING| Invalid value (None)for resolved_fqcn attribute of community.general.aur module.
2025-05-15 20:28:40,263 p=167896 u=jjquin n=ansible INFO| {
    "ansible.builtin.runas": "Run As user",
    "ansible.builtin.su": "Substitute User",
    "ansible.builtin.sudo": "Substitute User DO",
    "ansible.netcommon.enable": "Switch to elevated permissions on a network device",
    "community.general.doas": "Do As user",
    "community.general.dzdo": "Centrify's Direct Authorize",
    "community.general.ksu": "Kerberos substitute user",
    "community.general.machinectl": "Systemd's machinectl privilege escalation",
    "community.general.pbrun": "PowerBroker run",
    "community.general.pfexec": "profile based execution",
    "community.general.pmrun": "Privilege Manager run",
    "community.general.run0": "Systemd's run0",
    "community.general.sesu": "CA Privileged Access Manager",
    "community.general.sudosu": "Run tasks using sudo su -",
    "containers.podman.podman_unshare": "Run tasks using podman unshare"
}
2025-05-15 20:28:56,403 p=167909 u=jjquin n=ansiblelint.__main__ WARNING| Found VIRTUAL_ENV=/ but we cannot use it for caching as it is not writable.
2025-05-15 20:28:57,007 p=167909 u=jjquin n=args WARNING| Unable to load module community.general.aur at roles/zfs_setup/tasks/zfs_backup.yml:8 for options validation
2025-05-15 20:28:57,027 p=167909 u=jjquin n=fqcn WARNING| Invalid value (None)for resolved_fqcn attribute of community.general.aur module.
2025-05-15 20:28:57,425 p=167938 u=jjquin n=ansiblelint.__main__ WARNING| Found VIRTUAL_ENV=/ but we cannot use it for caching as it is not writable.
2025-05-15 20:28:57,483 p=167934 u=jjquin n=ansible INFO| {
    "ansible.builtin.runas": "Run As user",
    "ansible.builtin.su": "Substitute User",
    "ansible.builtin.sudo": "Substitute User DO",
    "ansible.netcommon.enable": "Switch to elevated permissions on a network device",
    "community.general.doas": "Do As user",
    "community.general.dzdo": "Centrify's Direct Authorize",
    "community.general.ksu": "Kerberos substitute user",
    "community.general.machinectl": "Systemd's machinectl privilege escalation",
    "community.general.pbrun": "PowerBroker run",
    "community.general.pfexec": "profile based execution",
    "community.general.pmrun": "Privilege Manager run",
    "community.general.run0": "Systemd's run0",
    "community.general.sesu": "CA Privileged Access Manager",
    "community.general.sudosu": "Run tasks using sudo su -",
    "containers.podman.podman_unshare": "Run tasks using podman unshare"
}
2025-05-15 20:28:58,035 p=167938 u=jjquin n=args WARNING| Unable to load module community.general.aur at roles/zfs_setup/tasks/zfs_backup.yml:8 for options validation
2025-05-15 20:28:58,054 p=167938 u=jjquin n=fqcn WARNING| Invalid value (None)for resolved_fqcn attribute of community.general.aur module.
2025-05-15 20:28:58,496 p=167964 u=jjquin n=ansible INFO| {
    "ansible.builtin.runas": "Run As user",
    "ansible.builtin.su": "Substitute User",
    "ansible.builtin.sudo": "Substitute User DO",
    "ansible.netcommon.enable": "Switch to elevated permissions on a network device",
    "community.general.doas": "Do As user",
    "community.general.dzdo": "Centrify's Direct Authorize",
    "community.general.ksu": "Kerberos substitute user",
    "community.general.machinectl": "Systemd's machinectl privilege escalation",
    "community.general.pbrun": "PowerBroker run",
    "community.general.pfexec": "profile based execution",
    "community.general.pmrun": "Privilege Manager run",
    "community.general.run0": "Systemd's run0",
    "community.general.sesu": "CA Privileged Access Manager",
    "community.general.sudosu": "Run tasks using sudo su -",
    "containers.podman.podman_unshare": "Run tasks using podman unshare"
}
2025-05-15 20:28:58,861 p=167969 u=jjquin n=ansiblelint.__main__ WARNING| Found VIRTUAL_ENV=/ but we cannot use it for caching as it is not writable.
2025-05-15 20:28:59,481 p=167969 u=jjquin n=args WARNING| Unable to load module community.general.aur at roles/zfs_setup/tasks/zfs_backup.yml:8 for options validation
2025-05-15 20:28:59,501 p=167969 u=jjquin n=fqcn WARNING| Invalid value (None)for resolved_fqcn attribute of community.general.aur module.
2025-05-15 20:28:59,946 p=167994 u=jjquin n=ansible INFO| {
    "ansible.builtin.runas": "Run As user",
    "ansible.builtin.su": "Substitute User",
    "ansible.builtin.sudo": "Substitute User DO",
    "ansible.netcommon.enable": "Switch to elevated permissions on a network device",
    "community.general.doas": "Do As user",
    "community.general.dzdo": "Centrify's Direct Authorize",
    "community.general.ksu": "Kerberos substitute user",
    "community.general.machinectl": "Systemd's machinectl privilege escalation",
    "community.general.pbrun": "PowerBroker run",
    "community.general.pfexec": "profile based execution",
    "community.general.pmrun": "Privilege Manager run",
    "community.general.run0": "Systemd's run0",
    "community.general.sesu": "CA Privileged Access Manager",
    "community.general.sudosu": "Run tasks using sudo su -",
    "containers.podman.podman_unshare": "Run tasks using podman unshare"
}
2025-05-15 20:30:42,415 p=168047 u=jjquin n=ansiblelint.__main__ WARNING| Found VIRTUAL_ENV=/ but we cannot use it for caching as it is not writable.
2025-05-15 20:30:43,030 p=168047 u=jjquin n=args WARNING| Unable to load module community.general.aur at roles/zfs_setup/tasks/zfs_backup.yml:8 for options validation
2025-05-15 20:30:43,049 p=168047 u=jjquin n=fqcn WARNING| Invalid value (None)for resolved_fqcn attribute of community.general.aur module.
2025-05-15 20:30:43,495 p=168072 u=jjquin n=ansible INFO| {
    "ansible.builtin.runas": "Run As user",
    "ansible.builtin.su": "Substitute User",
    "ansible.builtin.sudo": "Substitute User DO",
    "ansible.netcommon.enable": "Switch to elevated permissions on a network device",
    "community.general.doas": "Do As user",
    "community.general.dzdo": "Centrify's Direct Authorize",
    "community.general.ksu": "Kerberos substitute user",
    "community.general.machinectl": "Systemd's machinectl privilege escalation",
    "community.general.pbrun": "PowerBroker run",
    "community.general.pfexec": "profile based execution",
    "community.general.pmrun": "Privilege Manager run",
    "community.general.run0": "Systemd's run0",
    "community.general.sesu": "CA Privileged Access Manager",
    "community.general.sudosu": "Run tasks using sudo su -",
    "containers.podman.podman_unshare": "Run tasks using podman unshare"
}
2025-05-15 20:31:58,856 p=168111 u=jjquin n=ansiblelint.__main__ WARNING| Found VIRTUAL_ENV=/ but we cannot use it for caching as it is not writable.
2025-05-15 20:32:01,077 p=168122 u=jjquin n=ansiblelint.__main__ WARNING| Found VIRTUAL_ENV=/ but we cannot use it for caching as it is not writable.
2025-05-15 20:33:09,489 p=168285 u=jjquin n=ansiblelint.__main__ WARNING| Found VIRTUAL_ENV=/ but we cannot use it for caching as it is not writable.
2025-05-15 20:33:22,857 p=168315 u=jjquin n=ansiblelint.__main__ WARNING| Found VIRTUAL_ENV=/ but we cannot use it for caching as it is not writable.
2025-05-15 20:33:22,881 p=168317 u=jjquin n=ansiblelint.__main__ WARNING| Found VIRTUAL_ENV=/ but we cannot use it for caching as it is not writable.
2025-05-15 20:33:30,285 p=168373 u=jjquin n=ansiblelint.__main__ WARNING| Found VIRTUAL_ENV=/ but we cannot use it for caching as it is not writable.
